2019-05-25 16:08:28,834 - INFO: --------------------
2019-05-25 16:08:28,835 - INFO: |     SophieBot    |
2019-05-25 16:08:28,835 - INFO: --------------------
2019-05-25 16:08:28,839 - INFO: Modules to load: ['bans', 'bot_admin', 'connections', 'filters', 'gbans', 'greetings', 'language', 'main', 'misc', 'msg_deleting', 'notes', 'pm_menu', 'users', 'warns']
2019-05-25 16:08:28,839 - DEBUG: Importing bans
2019-05-25 16:08:28,852 - DEBUG: Loading language file ru_RU.json
2019-05-25 16:08:28,852 - DEBUG: Loading language file en.json
2019-05-25 16:08:28,853 - DEBUG: Loading language file id_ID.json
2019-05-25 16:08:28,853 - INFO: Languages loaded: ['ru', 'en', 'id']
2019-05-25 16:08:28,855 - DEBUG: Importing bot_admin
2019-05-25 16:08:28,863 - DEBUG: Importing connections
2019-05-25 16:08:28,863 - DEBUG: Importing filters
2019-05-25 16:08:28,867 - DEBUG: Importing gbans
2019-05-25 16:08:28,869 - DEBUG: Importing greetings
2019-05-25 16:08:28,871 - DEBUG: Importing language
2019-05-25 16:08:28,871 - DEBUG: Importing main
2019-05-25 16:08:28,871 - DEBUG: Importing misc
2019-05-25 16:08:28,871 - DEBUG: Importing msg_deleting
2019-05-25 16:08:28,872 - DEBUG: Importing notes
2019-05-25 16:08:28,872 - DEBUG: Importing pm_menu
2019-05-25 16:08:28,874 - DEBUG: Loading help for notes
2019-05-25 16:08:28,874 - DEBUG: Loading help for purges
2019-05-25 16:08:28,874 - DEBUG: Loading help for warns
2019-05-25 16:08:28,874 - DEBUG: Loading help for misc
2019-05-25 16:08:28,874 - DEBUG: Loading help for connections
2019-05-25 16:08:28,874 - DEBUG: Loading help for greetings
2019-05-25 16:08:28,874 - INFO: Help loaded for: ['connections', 'greetings', 'misc', 'notes', 'purges', 'warns']
2019-05-25 16:08:28,875 - DEBUG: Importing users
2019-05-25 16:08:28,875 - DEBUG: Importing warns
2019-05-25 16:08:28,878 - INFO: Modules loaded!
2019-05-25 16:08:28,879 - INFO: Components to load: ['afk', 'sed']
2019-05-25 16:08:28,880 - DEBUG: Importing afk
2019-05-25 16:08:28,881 - DEBUG: Importing sed
2019-05-25 16:08:28,882 - INFO: Components loaded!
2019-05-25 16:08:30,475 - INFO: Catch up missed updates..
2019-05-25 16:08:30,475 - INFO: Running loop..
2019-05-25 16:08:30,475 - INFO: Bot is alive!
2019-05-25 16:08:31,500 - INFO: Bye!
2019-05-25 16:08:31,509 - INFO: --------------------
